mode: set
github.com/JashDave/cs733/assignment2/raft_state_machine.go:82.62,87.19 5 1
github.com/JashDave/cs733/assignment2/raft_state_machine.go:91.2,91.11 1 1
github.com/JashDave/cs733/assignment2/raft_state_machine.go:87.19,90.3 2 1
github.com/JashDave/cs733/assignment2/raft_state_machine.go:95.64,100.19 5 1
github.com/JashDave/cs733/assignment2/raft_state_machine.go:104.2,104.11 1 1
github.com/JashDave/cs733/assignment2/raft_state_machine.go:100.19,103.3 2 1
github.com/JashDave/cs733/assignment2/raft_state_machine.go:110.59,112.2 1 1
github.com/JashDave/cs733/assignment2/raft_state_machine.go:114.61,116.2 1 1
github.com/JashDave/cs733/assignment2/raft_state_machine.go:119.178,143.26 20 1
github.com/JashDave/cs733/assignment2/raft_state_machine.go:146.2,151.11 6 1
github.com/JashDave/cs733/assignment2/raft_state_machine.go:143.26,145.3 1 1
github.com/JashDave/cs733/assignment2/raft_state_machine.go:154.40,155.9 1 1
github.com/JashDave/cs733/assignment2/raft_state_machine.go:170.2,170.12 1 1
github.com/JashDave/cs733/assignment2/raft_state_machine.go:156.3,166.65 3 1
github.com/JashDave/cs733/assignment2/raft_state_machine.go:167.3,168.41 1 1
github.com/JashDave/cs733/assignment2/raft_state_machine.go:173.32,178.2 2 1
github.com/JashDave/cs733/assignment2/raft_state_machine.go:197.41,198.15 1 1
github.com/JashDave/cs733/assignment2/raft_state_machine.go:201.2,201.22 1 1
github.com/JashDave/cs733/assignment2/raft_state_machine.go:198.15,200.3 1 1
github.com/JashDave/cs733/assignment2/raft_state_machine.go:206.40,207.9 1 1
github.com/JashDave/cs733/assignment2/raft_state_machine.go:208.3,209.18 1 1
github.com/JashDave/cs733/assignment2/raft_state_machine.go:210.5,211.63 1 1
github.com/JashDave/cs733/assignment2/raft_state_machine.go:212.5,213.18 1 1
github.com/JashDave/cs733/assignment2/raft_state_machine.go:214.5,215.207 1 1
github.com/JashDave/cs733/assignment2/raft_state_machine.go:216.5,217.135 1 1
github.com/JashDave/cs733/assignment2/raft_state_machine.go:218.5,219.138 1 1
github.com/JashDave/cs733/assignment2/raft_state_machine.go:220.5,221.72 1 1
github.com/JashDave/cs733/assignment2/raft_state_machine.go:229.71,233.33 3 1
github.com/JashDave/cs733/assignment2/raft_state_machine.go:238.2,238.12 1 1
github.com/JashDave/cs733/assignment2/raft_state_machine.go:233.33,235.3 1 1
github.com/JashDave/cs733/assignment2/raft_state_machine.go:235.3,237.3 1 1
github.com/JashDave/cs733/assignment2/raft_state_machine.go:241.65,247.2 4 1
github.com/JashDave/cs733/assignment2/raft_state_machine.go:252.57,253.18 1 1
github.com/JashDave/cs733/assignment2/raft_state_machine.go:254.3,256.33 1 1
github.com/JashDave/cs733/assignment2/raft_state_machine.go:267.4,273.30 4 1
github.com/JashDave/cs733/assignment2/raft_state_machine.go:278.3,279.78 1 1
github.com/JashDave/cs733/assignment2/raft_state_machine.go:256.33,257.29 1 1
github.com/JashDave/cs733/assignment2/raft_state_machine.go:257.29,258.27 1 1
github.com/JashDave/cs733/assignment2/raft_state_machine.go:261.6,261.12 1 1
github.com/JashDave/cs733/assignment2/raft_state_machine.go:258.27,260.7 1 1
github.com/JashDave/cs733/assignment2/raft_state_machine.go:273.30,276.5 2 1
github.com/JashDave/cs733/assignment2/raft_state_machine.go:284.35,285.18 1 1
github.com/JashDave/cs733/assignment2/raft_state_machine.go:286.3,290.30 2 1
github.com/JashDave/cs733/assignment2/raft_state_machine.go:296.3,301.51 4 1
github.com/JashDave/cs733/assignment2/raft_state_machine.go:304.4,305.93 2 1
github.com/JashDave/cs733/assignment2/raft_state_machine.go:307.3,314.49 4 1
github.com/JashDave/cs733/assignment2/raft_state_machine.go:317.4,318.30 2 1
github.com/JashDave/cs733/assignment2/raft_state_machine.go:290.30,294.5 3 1
github.com/JashDave/cs733/assignment2/raft_state_machine.go:301.51,303.5 0 0
github.com/JashDave/cs733/assignment2/raft_state_machine.go:314.49,316.5 0 0
github.com/JashDave/cs733/assignment2/raft_state_machine.go:318.30,321.5 2 1
github.com/JashDave/cs733/assignment2/raft_state_machine.go:328.152,331.79 2 1
github.com/JashDave/cs733/assignment2/raft_state_machine.go:339.2,339.49 1 1
github.com/JashDave/cs733/assignment2/raft_state_machine.go:347.2,347.20 1 1
github.com/JashDave/cs733/assignment2/raft_state_machine.go:350.2,350.70 1 1
github.com/JashDave/cs733/assignment2/raft_state_machine.go:331.79,334.39 3 1
github.com/JashDave/cs733/assignment2/raft_state_machine.go:334.39,336.4 0 0
github.com/JashDave/cs733/assignment2/raft_state_machine.go:339.49,341.3 1 1
github.com/JashDave/cs733/assignment2/raft_state_machine.go:341.3,345.3 3 1
github.com/JashDave/cs733/assignment2/raft_state_machine.go:347.20,349.3 1 1
github.com/JashDave/cs733/assignment2/raft_state_machine.go:354.129,355.84 1 1
github.com/JashDave/cs733/assignment2/raft_state_machine.go:369.2,369.14 1 1
github.com/JashDave/cs733/assignment2/raft_state_machine.go:355.84,356.29 1 1
github.com/JashDave/cs733/assignment2/raft_state_machine.go:359.3,360.36 2 1
github.com/JashDave/cs733/assignment2/raft_state_machine.go:367.3,367.14 1 1
github.com/JashDave/cs733/assignment2/raft_state_machine.go:356.29,358.4 1 1
github.com/JashDave/cs733/assignment2/raft_state_machine.go:360.36,361.34 1 1
github.com/JashDave/cs733/assignment2/raft_state_machine.go:361.34,363.5 1 1
github.com/JashDave/cs733/assignment2/raft_state_machine.go:363.5,365.5 1 1
github.com/JashDave/cs733/assignment2/raft_state_machine.go:374.104,375.18 1 1
github.com/JashDave/cs733/assignment2/raft_state_machine.go:376.3,377.40 1 1
github.com/JashDave/cs733/assignment2/raft_state_machine.go:377.40,378.22 1 1
github.com/JashDave/cs733/assignment2/raft_state_machine.go:381.5,384.30 4 1
github.com/JashDave/cs733/assignment2/raft_state_machine.go:396.5,396.25 1 1
github.com/JashDave/cs733/assignment2/raft_state_machine.go:378.22,380.6 1 1
github.com/JashDave/cs733/assignment2/raft_state_machine.go:384.30,386.35 2 1
github.com/JashDave/cs733/assignment2/raft_state_machine.go:391.6,391.33 1 1
github.com/JashDave/cs733/assignment2/raft_state_machine.go:386.35,387.34 1 1
github.com/JashDave/cs733/assignment2/raft_state_machine.go:387.34,389.8 1 1
github.com/JashDave/cs733/assignment2/raft_state_machine.go:391.33,394.7 2 1
github.com/JashDave/cs733/assignment2/raft_state_machine.go:396.25,399.7 2 1
github.com/JashDave/cs733/assignment2/raft_state_machine.go:400.5,400.36 1 1
github.com/JashDave/cs733/assignment2/raft_state_machine.go:400.36,403.42 2 1
github.com/JashDave/cs733/assignment2/raft_state_machine.go:407.5,407.67 1 1
github.com/JashDave/cs733/assignment2/raft_state_machine.go:403.42,405.6 0 0
github.com/JashDave/cs733/assignment2/raft_state_machine.go:408.5,408.54 1 1
github.com/JashDave/cs733/assignment2/raft_state_machine.go:408.54,414.5 4 1
github.com/JashDave/cs733/assignment2/raft_state_machine.go:420.107,421.33 1 1
github.com/JashDave/cs733/assignment2/raft_state_machine.go:433.2,433.18 1 1
github.com/JashDave/cs733/assignment2/raft_state_machine.go:421.33,422.128 1 1
github.com/JashDave/cs733/assignment2/raft_state_machine.go:422.128,423.54 1 1
github.com/JashDave/cs733/assignment2/raft_state_machine.go:426.5,427.79 2 1
github.com/JashDave/cs733/assignment2/raft_state_machine.go:423.54,425.6 0 0
github.com/JashDave/cs733/assignment2/raft_state_machine.go:428.5,431.5 2 1
github.com/JashDave/cs733/assignment2/raft_state_machine.go:434.3,435.29 1 1
github.com/JashDave/cs733/assignment2/raft_state_machine.go:446.3,448.29 1 1
github.com/JashDave/cs733/assignment2/raft_state_machine.go:459.3,461.29 1 1
github.com/JashDave/cs733/assignment2/raft_state_machine.go:466.4,466.26 1 1
github.com/JashDave/cs733/assignment2/raft_state_machine.go:435.29,437.44 2 1
github.com/JashDave/cs733/assignment2/raft_state_machine.go:440.5,441.27 2 1
github.com/JashDave/cs733/assignment2/raft_state_machine.go:437.44,439.6 0 0
github.com/JashDave/cs733/assignment2/raft_state_machine.go:442.5,445.5 2 1
github.com/JashDave/cs733/assignment2/raft_state_machine.go:448.29,450.44 2 1
github.com/JashDave/cs733/assignment2/raft_state_machine.go:453.5,454.27 2 1
github.com/JashDave/cs733/assignment2/raft_state_machine.go:450.44,452.6 0 0
github.com/JashDave/cs733/assignment2/raft_state_machine.go:455.5,458.5 2 1
github.com/JashDave/cs733/assignment2/raft_state_machine.go:461.29,462.42 1 1
github.com/JashDave/cs733/assignment2/raft_state_machine.go:462.42,464.6 0 0
github.com/JashDave/cs733/assignment2/raft_state_machine.go:471.65,472.18 1 1
github.com/JashDave/cs733/assignment2/raft_state_machine.go:473.3,474.45 1 1
github.com/JashDave/cs733/assignment2/raft_state_machine.go:474.45,476.36 2 1
github.com/JashDave/cs733/assignment2/raft_state_machine.go:476.36,479.34 3 1
github.com/JashDave/cs733/assignment2/raft_state_machine.go:483.6,485.32 2 1
github.com/JashDave/cs733/assignment2/raft_state_machine.go:479.34,482.7 2 1
github.com/JashDave/cs733/assignment2/raft_state_machine.go:485.32,489.7 3 1
github.com/JashDave/cs733/assignment2/raft_state_machine.go:491.5,491.36 1 1
github.com/JashDave/cs733/assignment2/raft_state_machine.go:491.36,493.42 2 1
github.com/JashDave/cs733/assignment2/raft_state_machine.go:496.5,497.66 2 1
github.com/JashDave/cs733/assignment2/raft_state_machine.go:493.42,495.6 0 0
