mode: set
github.com/JashDave/cs733/assignment2/raft_state_machine.go:77.60,82.25 5 1
github.com/JashDave/cs733/assignment2/raft_state_machine.go:86.2,86.11 1 1
github.com/JashDave/cs733/assignment2/raft_state_machine.go:82.25,85.3 2 1
github.com/JashDave/cs733/assignment2/raft_state_machine.go:89.62,94.25 5 1
github.com/JashDave/cs733/assignment2/raft_state_machine.go:98.2,98.11 1 1
github.com/JashDave/cs733/assignment2/raft_state_machine.go:94.25,97.3 2 1
github.com/JashDave/cs733/assignment2/raft_state_machine.go:103.57,105.2 1 1
github.com/JashDave/cs733/assignment2/raft_state_machine.go:107.59,109.2 1 1
github.com/JashDave/cs733/assignment2/raft_state_machine.go:111.176,135.26 20 1
github.com/JashDave/cs733/assignment2/raft_state_machine.go:138.2,143.11 6 1
github.com/JashDave/cs733/assignment2/raft_state_machine.go:135.26,137.3 1 1
github.com/JashDave/cs733/assignment2/raft_state_machine.go:146.39,147.9 1 1
github.com/JashDave/cs733/assignment2/raft_state_machine.go:162.2,162.12 1 1
github.com/JashDave/cs733/assignment2/raft_state_machine.go:148.2,158.66 3 1
github.com/JashDave/cs733/assignment2/raft_state_machine.go:159.2,160.40 1 1
github.com/JashDave/cs733/assignment2/raft_state_machine.go:165.32,170.2 2 1
github.com/JashDave/cs733/assignment2/raft_state_machine.go:185.41,186.15 1 1
github.com/JashDave/cs733/assignment2/raft_state_machine.go:189.2,189.22 1 1
github.com/JashDave/cs733/assignment2/raft_state_machine.go:186.15,188.3 1 1
github.com/JashDave/cs733/assignment2/raft_state_machine.go:193.40,194.9 1 1
github.com/JashDave/cs733/assignment2/raft_state_machine.go:195.2,196.17 1 1
github.com/JashDave/cs733/assignment2/raft_state_machine.go:197.3,198.62 1 1
github.com/JashDave/cs733/assignment2/raft_state_machine.go:199.3,200.16 1 1
github.com/JashDave/cs733/assignment2/raft_state_machine.go:201.3,202.205 1 1
github.com/JashDave/cs733/assignment2/raft_state_machine.go:203.3,204.133 1 1
github.com/JashDave/cs733/assignment2/raft_state_machine.go:205.3,206.136 1 1
github.com/JashDave/cs733/assignment2/raft_state_machine.go:207.3,208.70 1 1
github.com/JashDave/cs733/assignment2/raft_state_machine.go:214.70,218.33 3 1
github.com/JashDave/cs733/assignment2/raft_state_machine.go:223.2,223.12 1 1
github.com/JashDave/cs733/assignment2/raft_state_machine.go:218.33,220.3 1 1
github.com/JashDave/cs733/assignment2/raft_state_machine.go:220.3,222.3 1 1
github.com/JashDave/cs733/assignment2/raft_state_machine.go:226.64,232.2 4 1
github.com/JashDave/cs733/assignment2/raft_state_machine.go:235.57,236.18 1 1
github.com/JashDave/cs733/assignment2/raft_state_machine.go:237.2,258.30 4 1
github.com/JashDave/cs733/assignment2/raft_state_machine.go:263.2,264.81 1 1
github.com/JashDave/cs733/assignment2/raft_state_machine.go:258.30,261.4 2 1
github.com/JashDave/cs733/assignment2/raft_state_machine.go:269.35,270.18 1 1
github.com/JashDave/cs733/assignment2/raft_state_machine.go:271.2,275.30 2 1
github.com/JashDave/cs733/assignment2/raft_state_machine.go:281.2,286.53 4 1
github.com/JashDave/cs733/assignment2/raft_state_machine.go:289.3,290.94 2 1
github.com/JashDave/cs733/assignment2/raft_state_machine.go:292.2,299.51 4 1
github.com/JashDave/cs733/assignment2/raft_state_machine.go:302.3,303.30 2 1
github.com/JashDave/cs733/assignment2/raft_state_machine.go:275.30,279.4 3 1
github.com/JashDave/cs733/assignment2/raft_state_machine.go:286.53,288.4 0 0
github.com/JashDave/cs733/assignment2/raft_state_machine.go:299.51,301.4 0 0
github.com/JashDave/cs733/assignment2/raft_state_machine.go:303.30,306.4 2 1
github.com/JashDave/cs733/assignment2/raft_state_machine.go:312.152,315.80 2 1
github.com/JashDave/cs733/assignment2/raft_state_machine.go:323.2,323.49 1 1
github.com/JashDave/cs733/assignment2/raft_state_machine.go:331.2,331.20 1 1
github.com/JashDave/cs733/assignment2/raft_state_machine.go:334.2,334.72 1 1
github.com/JashDave/cs733/assignment2/raft_state_machine.go:315.80,318.42 3 1
github.com/JashDave/cs733/assignment2/raft_state_machine.go:318.42,320.4 0 0
github.com/JashDave/cs733/assignment2/raft_state_machine.go:323.49,325.3 1 1
github.com/JashDave/cs733/assignment2/raft_state_machine.go:325.3,329.3 3 1
github.com/JashDave/cs733/assignment2/raft_state_machine.go:331.20,333.3 1 1
github.com/JashDave/cs733/assignment2/raft_state_machine.go:337.128,338.84 1 1
github.com/JashDave/cs733/assignment2/raft_state_machine.go:353.2,353.14 1 1
github.com/JashDave/cs733/assignment2/raft_state_machine.go:338.84,339.29 1 1
github.com/JashDave/cs733/assignment2/raft_state_machine.go:342.3,343.36 2 1
github.com/JashDave/cs733/assignment2/raft_state_machine.go:351.3,351.14 1 1
github.com/JashDave/cs733/assignment2/raft_state_machine.go:339.29,341.4 1 1
github.com/JashDave/cs733/assignment2/raft_state_machine.go:343.36,344.34 1 1
github.com/JashDave/cs733/assignment2/raft_state_machine.go:349.4,349.117 1 1
github.com/JashDave/cs733/assignment2/raft_state_machine.go:344.34,346.5 1 1
github.com/JashDave/cs733/assignment2/raft_state_machine.go:346.5,348.5 1 1
github.com/JashDave/cs733/assignment2/raft_state_machine.go:357.104,358.18 1 1
github.com/JashDave/cs733/assignment2/raft_state_machine.go:359.2,360.42 1 1
github.com/JashDave/cs733/assignment2/raft_state_machine.go:360.42,361.21 1 1
github.com/JashDave/cs733/assignment2/raft_state_machine.go:364.4,367.29 4 1
github.com/JashDave/cs733/assignment2/raft_state_machine.go:379.4,379.24 1 1
github.com/JashDave/cs733/assignment2/raft_state_machine.go:361.21,363.5 1 1
github.com/JashDave/cs733/assignment2/raft_state_machine.go:367.29,369.34 2 1
github.com/JashDave/cs733/assignment2/raft_state_machine.go:374.5,374.34 1 1
github.com/JashDave/cs733/assignment2/raft_state_machine.go:369.34,370.34 1 1
github.com/JashDave/cs733/assignment2/raft_state_machine.go:370.34,372.7 1 1
github.com/JashDave/cs733/assignment2/raft_state_machine.go:374.34,377.6 2 1
github.com/JashDave/cs733/assignment2/raft_state_machine.go:379.24,382.5 2 1
github.com/JashDave/cs733/assignment2/raft_state_machine.go:383.4,383.35 1 1
github.com/JashDave/cs733/assignment2/raft_state_machine.go:383.35,386.44 2 1
github.com/JashDave/cs733/assignment2/raft_state_machine.go:390.4,390.67 1 1
github.com/JashDave/cs733/assignment2/raft_state_machine.go:386.44,388.5 0 0
github.com/JashDave/cs733/assignment2/raft_state_machine.go:391.4,391.54 1 1
github.com/JashDave/cs733/assignment2/raft_state_machine.go:391.54,397.4 4 1
github.com/JashDave/cs733/assignment2/raft_state_machine.go:402.107,403.33 1 1
github.com/JashDave/cs733/assignment2/raft_state_machine.go:415.2,415.18 1 1
github.com/JashDave/cs733/assignment2/raft_state_machine.go:403.33,404.127 1 1
github.com/JashDave/cs733/assignment2/raft_state_machine.go:404.127,405.56 1 1
github.com/JashDave/cs733/assignment2/raft_state_machine.go:408.4,409.80 2 1
github.com/JashDave/cs733/assignment2/raft_state_machine.go:405.56,407.5 0 0
github.com/JashDave/cs733/assignment2/raft_state_machine.go:410.4,413.4 2 1
github.com/JashDave/cs733/assignment2/raft_state_machine.go:416.2,417.28 1 1
github.com/JashDave/cs733/assignment2/raft_state_machine.go:428.2,430.28 1 1
github.com/JashDave/cs733/assignment2/raft_state_machine.go:441.2,443.28 1 1
github.com/JashDave/cs733/assignment2/raft_state_machine.go:448.3,448.25 1 1
github.com/JashDave/cs733/assignment2/raft_state_machine.go:417.28,419.46 2 1
github.com/JashDave/cs733/assignment2/raft_state_machine.go:422.4,423.26 2 1
github.com/JashDave/cs733/assignment2/raft_state_machine.go:419.46,421.5 0 0
github.com/JashDave/cs733/assignment2/raft_state_machine.go:424.4,427.4 2 1
github.com/JashDave/cs733/assignment2/raft_state_machine.go:430.28,432.46 2 1
github.com/JashDave/cs733/assignment2/raft_state_machine.go:435.4,436.26 2 1
github.com/JashDave/cs733/assignment2/raft_state_machine.go:432.46,434.5 0 0
github.com/JashDave/cs733/assignment2/raft_state_machine.go:437.4,440.4 2 1
github.com/JashDave/cs733/assignment2/raft_state_machine.go:443.28,444.44 1 1
github.com/JashDave/cs733/assignment2/raft_state_machine.go:444.44,446.5 0 0
github.com/JashDave/cs733/assignment2/raft_state_machine.go:453.65,454.18 1 1
github.com/JashDave/cs733/assignment2/raft_state_machine.go:455.2,456.44 1 1
github.com/JashDave/cs733/assignment2/raft_state_machine.go:456.44,458.35 2 1
github.com/JashDave/cs733/assignment2/raft_state_machine.go:458.35,461.33 3 1
github.com/JashDave/cs733/assignment2/raft_state_machine.go:465.5,467.32 2 1
github.com/JashDave/cs733/assignment2/raft_state_machine.go:461.33,464.6 2 1
github.com/JashDave/cs733/assignment2/raft_state_machine.go:467.32,471.6 3 1
github.com/JashDave/cs733/assignment2/raft_state_machine.go:473.4,473.35 1 1
github.com/JashDave/cs733/assignment2/raft_state_machine.go:473.35,475.44 2 1
github.com/JashDave/cs733/assignment2/raft_state_machine.go:478.4,479.67 2 1
github.com/JashDave/cs733/assignment2/raft_state_machine.go:475.44,477.5 0 0
